IOPlayer outbound stream log
Created at 2025-09-16T17:13:40.988Z

[2025-09-16T17:13:40.991Z] ACKNOWLEDGEMENT
{
  "type": "acknowledgement",
  "payload": {
    "status": "success",
    "messageId": "start-message"
  }
}

[2025-09-16T17:13:40.991Z] FRAME
{
  "type": "frame",
  "payload": {
    "tick": 0,
    "elapsedTime": 0,
    "entities": []
  }
}

[2025-09-16T17:13:41.991Z] FRAME
{
  "type": "frame",
  "payload": {
    "tick": 1,
    "elapsedTime": 1,
    "entities": []
  }
}

[2025-09-16T17:13:42.991Z] FRAME
{
  "type": "frame",
  "payload": {
    "tick": 2,
    "elapsedTime": 2,
    "entities": []
  }
}

[2025-09-16T17:13:43.991Z] FRAME
{
  "type": "frame",
  "payload": {
    "tick": 3,
    "elapsedTime": 3,
    "entities": []
  }
}

[2025-09-16T17:13:44.991Z] FRAME
{
  "type": "frame",
  "payload": {
    "tick": 4,
    "elapsedTime": 4,
    "entities": []
  }
}

[2025-09-16T17:13:45.991Z] FRAME
{
  "type": "frame",
  "payload": {
    "tick": 5,
    "elapsedTime": 5,
    "entities": []
  }
}

[2025-09-16T17:13:45.991Z] FRAME
{
  "type": "frame",
  "payload": {
    "tick": 0,
    "elapsedTime": 0,
    "entities": []
  }
}

[2025-09-16T17:13:45.991Z] ACKNOWLEDGEMENT
{
  "type": "acknowledgement",
  "payload": {
    "status": "success",
    "messageId": "stop-message"
  }
}

[2025-09-16T17:13:45.991Z] FRAME
{
  "type": "frame",
  "payload": {
    "tick": 0,
    "elapsedTime": 0,
    "entities": []
  }
}

