Starting verification run at 2025-09-16T15:37:53+00:00
Writing log to /workspace/simtest0/verifications/20250916153753.log

==== Repository root ====
/workspace/simtest0

==== npm test (workspaces/Describing_Simulation_0/project) ====
npm warn Unknown env config "http-proxy". This will stop working in the next major version of npm.

> describing-simulation-project@0.1.0 test
> vitest run --passWithNoTests


 RUN  v1.6.1 /workspace/simtest0/workspaces/Describing_Simulation_0/project

 ✓ tests/ecs/SystemManager.test.ts  (7 tests) 15ms
 ✓ tests/ecs/Entity.test.ts  (3 tests) 15ms
 ✓ tests/ecs/ComponentManager.test.ts  (9 tests) 45ms
 ✓ tests/ecs/messaging/handlers/IOPlayer.test.ts  (4 tests) 211ms
 ✓ tests/ecs/EntityManager.test.ts  (3 tests) 93ms
 ✓ tests/ecs/messaging/Bus.test.ts  (4 tests) 15ms
 ✓ tests/ecs/TimeSystem.test.ts  (2 tests) 8ms
 ✓ tests/ecs/ComponentType.test.ts  (2 tests) 9ms
 ✓ tests/ecs/TimeComponent.test.ts  (2 tests) 17ms

 Test Files  9 passed (9)
      Tests  36 passed (36)
   Start at  15:37:55
   Duration  2.89s (transform 996ms, setup 0ms, collect 1.49s, tests 428ms, environment 3ms, prepare 1.99s)


==== Vitest messaging suite (workspaces/Describing_Simulation_0/project) ====
npm warn Unknown env config "http-proxy". This will stop working in the next major version of npm.

 RUN  v1.6.1 /workspace/simtest0/workspaces/Describing_Simulation_0/project

 ✓ tests/ecs/messaging/Bus.test.ts  (4 tests) 19ms
 ✓ tests/ecs/messaging/handlers/IOPlayer.test.ts  (4 tests) 32ms

 Test Files  2 passed (2)
      Tests  8 passed (8)
   Start at  15:38:00
   Duration  1.34s (transform 476ms, setup 0ms, collect 601ms, tests 51ms, environment 1ms, prepare 375ms)


==== TypeScript type check (workspaces/Describing_Simulation_0/project) ====
npm warn Unknown env config "http-proxy". This will stop working in the next major version of npm.

All checks completed successfully.
Verification log: /workspace/simtest0/verifications/20250916153753.log
