Starting verification run at 2025-09-16T16:51:20+00:00
Writing log to /workspace/simtest0/verifications/20250916165120.log

==== Repository root ====
/workspace/simtest0

==== npm test (workspaces/Describing_Simulation_0/project) ====

> describing-simulation-project@0.1.0 test
> vitest run --passWithNoTests


 RUN  v1.6.1 /workspace/simtest0/workspaces/Describing_Simulation_0/project

 ✓ tests/ecs/ComponentManager.test.ts  (9 tests) 29ms
 ✓ tests/ecs/Entity.test.ts  (3 tests) 26ms
 ✓ tests/ecs/SystemManager.test.ts  (7 tests) 41ms
 ✓ tests/ecs/messaging/handlers/IOPlayer.test.ts  (4 tests) 158ms
 ✓ tests/ecs/Player.test.ts  (4 tests) 86ms
 ✓ tests/ecs/TimeSystem.test.ts  (2 tests) 9ms
 ✓ tests/ecs/EntityManager.test.ts  (3 tests) 20ms
 ✓ tests/examples/IOPlayerEndToEnd.test.ts  (1 test) 23ms
 ✓ tests/ecs/messaging/Bus.test.ts  (4 tests) 39ms
 ✓ tests/ecs/ComponentType.test.ts  (2 tests) 11ms
 ✓ tests/ecs/messaging/handlers/InboundHandlerRegistry.test.ts  (3 tests) 7ms
 ✓ tests/ecs/TimeComponent.test.ts  (2 tests) 22ms

 Test Files  12 passed (12)
      Tests  44 passed (44)
   Start at  16:51:23
   Duration  4.93s (transform 1.44s, setup 1ms, collect 2.53s, tests 471ms, environment 6ms, prepare 5.25s)


==== Vitest messaging suite (workspaces/Describing_Simulation_0/project) ====

 RUN  v1.6.1 /workspace/simtest0/workspaces/Describing_Simulation_0/project

 ✓ tests/ecs/messaging/handlers/InboundHandlerRegistry.test.ts  (3 tests) 12ms
 ✓ tests/ecs/messaging/Bus.test.ts  (4 tests) 20ms
 ✓ tests/ecs/messaging/handlers/IOPlayer.test.ts  (4 tests) 66ms

 Test Files  3 passed (3)
      Tests  11 passed (11)
   Start at  16:51:31
   Duration  2.19s (transform 752ms, setup 0ms, collect 1.03s, tests 98ms, environment 1ms, prepare 1.23s)


==== TypeScript type check (workspaces/Describing_Simulation_0/project) ====

All checks completed successfully.
Verification log: /workspace/simtest0/verifications/20250916165120.log
