Starting verification run at 2025-09-16T17:13:36+00:00
Writing log to /workspace/simtest0/verifications/20250916171336.log

==== Repository root ====
/workspace/simtest0

==== npm test (workspaces/Describing_Simulation_0/project) ====
npm warn Unknown env config "http-proxy". This will stop working in the next major version of npm.

> describing-simulation-project@0.1.0 test
> vitest run --passWithNoTests


 RUN  v1.6.1 /workspace/simtest0/workspaces/Describing_Simulation_0/project

 ✓ tests/ecs/SystemManager.test.ts  (7 tests) 35ms
 ✓ tests/ecs/ComponentManager.test.ts  (9 tests) 44ms
 ✓ tests/examples/IOPlayerEndToEnd.test.ts  (1 test) 36ms
 ✓ tests/ecs/messaging/handlers/IOPlayer.test.ts  (4 tests) 35ms
 ✓ tests/ecs/Entity.test.ts  (3 tests) 11ms
 ✓ tests/ecs/Player.test.ts  (4 tests) 45ms
 ✓ tests/ecs/TimeSystem.test.ts  (2 tests) 9ms
 ✓ tests/ecs/EntityManager.test.ts  (3 tests) 40ms
 ✓ tests/ecs/messaging/Bus.test.ts  (4 tests) 15ms
 ✓ tests/ecs/ComponentType.test.ts  (2 tests) 7ms
 ✓ tests/ecs/messaging/handlers/InboundHandlerRegistry.test.ts  (3 tests) 35ms
 ✓ tests/ecs/TimeComponent.test.ts  (2 tests) 10ms

 Test Files  12 passed (12)
      Tests  44 passed (44)
   Start at  17:13:39
   Duration  4.60s (transform 1.16s, setup 2ms, collect 2.02s, tests 322ms, environment 6ms, prepare 4.89s)


==== Vitest messaging suite (workspaces/Describing_Simulation_0/project) ====
npm warn Unknown env config "http-proxy". This will stop working in the next major version of npm.

 RUN  v1.6.1 /workspace/simtest0/workspaces/Describing_Simulation_0/project

 ✓ tests/ecs/messaging/handlers/InboundHandlerRegistry.test.ts  (3 tests) 18ms
 ✓ tests/ecs/messaging/Bus.test.ts  (4 tests) 24ms
 ✓ tests/ecs/messaging/handlers/IOPlayer.test.ts  (4 tests) 57ms

 Test Files  3 passed (3)
      Tests  11 passed (11)
   Start at  17:13:47
   Duration  1.89s (transform 820ms, setup 0ms, collect 1.05s, tests 99ms, environment 1ms, prepare 787ms)


==== TypeScript type check (workspaces/Describing_Simulation_0/project) ====
npm warn Unknown env config "http-proxy". This will stop working in the next major version of npm.

All checks completed successfully.
Verification log: /workspace/simtest0/verifications/20250916171336.log
