Running repository checks at 2025-09-26T04:50:43Z

[PASS] Required file present: tools/index.md
[PASS] Required directory present: workspaces/Describing_Simulation_0
[PASS] Required file present: AGENTS.md
[PASS] Required file present: instruction_documents/Describing_Simulation_0_master_prompt.md
[PASS] Required file present: instruction_documents/Describing_Simulation_0_bootstraps.md
[PASS] Required directory present: memory/ways
[PASS] Required file present: instruction_documents/index.md
[PASS] Required file present: instruction_documents/Describing_Simulation_0_codifying_simulations.md
[PASS] Required directory present: verifications
[PASS] Required file present: instruction_documents/Describing_Simulation_0_theory.md
[PASS] Required directory present: memory/records

All required paths are present.

Running Describing Simulation 0 project tests (npm test -- --runInBand)...
npm warn Unknown env config "http-proxy". This will stop working in the next major version of npm.

> @describing-simulation/core@0.1.0 test
> jest --runInBand --runInBand

PASS tests/ComponentManager.spec.ts
PASS tests/TimeSystem.spec.ts
PASS tests/EntityManager.spec.ts
PASS tests/System.spec.ts

Test Suites: 4 passed, 4 total
Tests:       10 passed, 10 total
Snapshots:   0 total
Time:        4.44 s
Ran all test suites.

[PASS] Workspace project tests succeeded.
